 WARN [2016-05-11 18:34:56,339] (ComponentFactory.java:getComponentBean:1154) - Unable to get component for id 'AuraDefinitionBundle': Unable to get bean for id 'AuraDefinitionBundle'
 WARN [2016-05-11 18:34:56,348] (ComponentFactory.java:getComponentBean:1154) - Unable to get component for id 'ExternalDataSource': Unable to get bean for id 'ExternalDataSource'
 WARN [2016-05-11 18:34:56,351] (ComponentFactory.java:getComponentBean:1154) - Unable to get component for id 'NamedCredential': Unable to get bean for id 'NamedCredential'
 WARN [2016-05-11 18:34:56,366] (ComponentFactory.java:getComponentBean:1154) - Unable to get component for id 'MatchingRules': Unable to get bean for id 'MatchingRules'
 WARN [2016-05-11 18:34:56,370] (ComponentFactory.java:getComponentBean:1154) - Unable to get component for id 'ChannelLayout': Unable to get bean for id 'ChannelLayout'
 WARN [2016-05-11 18:34:56,373] (ComponentFactory.java:getComponentBean:1154) - Unable to get component for id 'SharingRules': Unable to get bean for id 'SharingRules'
 WARN [2016-05-11 18:34:56,377] (ComponentFactory.java:getComponentBean:1154) - Unable to get component for id 'CorsWhitelistOrigin': Unable to get bean for id 'CorsWhitelistOrigin'
 WARN [2016-05-11 18:34:56,381] (ComponentFactory.java:getComponentBean:1154) - Unable to get component for id 'ActionLinkGroupTemplate': Unable to get bean for id 'ActionLinkGroupTemplate'
 WARN [2016-05-11 18:34:56,384] (ComponentFactory.java:getComponentBean:1154) - Unable to get component for id 'SynonymDictionary': Unable to get bean for id 'SynonymDictionary'
 WARN [2016-05-11 18:34:57,534] (ComponentFactory.java:getComponentBean:1154) - Unable to get component for id 'AuraDefinitionBundle': Unable to get bean for id 'AuraDefinitionBundle'
 WARN [2016-05-11 18:34:57,538] (ComponentFactory.java:getComponentBean:1154) - Unable to get component for id 'ExternalDataSource': Unable to get bean for id 'ExternalDataSource'
 WARN [2016-05-11 18:34:57,540] (ComponentFactory.java:getComponentBean:1154) - Unable to get component for id 'NamedCredential': Unable to get bean for id 'NamedCredential'
 WARN [2016-05-11 18:34:57,549] (ComponentFactory.java:getComponentBean:1154) - Unable to get component for id 'MatchingRules': Unable to get bean for id 'MatchingRules'
 WARN [2016-05-11 18:34:57,552] (ComponentFactory.java:getComponentBean:1154) - Unable to get component for id 'ChannelLayout': Unable to get bean for id 'ChannelLayout'
 WARN [2016-05-11 18:34:57,554] (ComponentFactory.java:getComponentBean:1154) - Unable to get component for id 'SharingRules': Unable to get bean for id 'SharingRules'
 WARN [2016-05-11 18:34:57,558] (ComponentFactory.java:getComponentBean:1154) - Unable to get component for id 'CorsWhitelistOrigin': Unable to get bean for id 'CorsWhitelistOrigin'
 WARN [2016-05-11 18:34:57,561] (ComponentFactory.java:getComponentBean:1154) - Unable to get component for id 'ActionLinkGroupTemplate': Unable to get bean for id 'ActionLinkGroupTemplate'
 WARN [2016-05-11 18:34:57,564] (ComponentFactory.java:getComponentBean:1154) - Unable to get component for id 'SynonymDictionary': Unable to get bean for id 'SynonymDictionary'
 WARN [2016-05-11 18:44:18,965] (ConnectionFactory.java:clearCache:220) - Clearing the following cached connections
 WARN [2016-05-11 18:44:18,969] (DescribeObjectRegistry.java:clearCache:664) - Clearing cached describes
 WARN [2016-05-11 18:44:18,971] (MetadataFactory.java:clearCache:129) - Clearing the following cached metadata stubs
 WARN [2016-05-12 12:40:48,602] (DefaultBuilder.java:applyDirtyMarkers:93) - TODO: apply 'Save locally only...' markers on each resource
 WARN [2016-05-12 13:18:02,770] (ComponentFactory.java:getComponentBean:1154) - Unable to get component for id 'AuraDefinitionBundle': Unable to get bean for id 'AuraDefinitionBundle'
 WARN [2016-05-12 13:18:02,781] (ComponentFactory.java:getComponentBean:1154) - Unable to get component for id 'ExternalDataSource': Unable to get bean for id 'ExternalDataSource'
 WARN [2016-05-12 13:18:02,784] (ComponentFactory.java:getComponentBean:1154) - Unable to get component for id 'NamedCredential': Unable to get bean for id 'NamedCredential'
 WARN [2016-05-12 13:18:02,799] (ComponentFactory.java:getComponentBean:1154) - Unable to get component for id 'MatchingRules': Unable to get bean for id 'MatchingRules'
 WARN [2016-05-12 13:18:02,801] (ComponentFactory.java:getComponentBean:1154) - Unable to get component for id 'ChannelLayout': Unable to get bean for id 'ChannelLayout'
 WARN [2016-05-12 13:18:02,803] (ComponentFactory.java:getComponentBean:1154) - Unable to get component for id 'SharingRules': Unable to get bean for id 'SharingRules'
 WARN [2016-05-12 13:18:02,808] (ComponentFactory.java:getComponentBean:1154) - Unable to get component for id 'CorsWhitelistOrigin': Unable to get bean for id 'CorsWhitelistOrigin'
 WARN [2016-05-12 13:18:02,811] (ComponentFactory.java:getComponentBean:1154) - Unable to get component for id 'ActionLinkGroupTemplate': Unable to get bean for id 'ActionLinkGroupTemplate'
 WARN [2016-05-12 13:18:02,813] (ComponentFactory.java:getComponentBean:1154) - Unable to get component for id 'SynonymDictionary': Unable to get bean for id 'SynonymDictionary'
 WARN [2016-05-12 13:18:04,010] (ComponentFactory.java:getComponentBean:1154) - Unable to get component for id 'AuraDefinitionBundle': Unable to get bean for id 'AuraDefinitionBundle'
 WARN [2016-05-12 13:18:04,015] (ComponentFactory.java:getComponentBean:1154) - Unable to get component for id 'ExternalDataSource': Unable to get bean for id 'ExternalDataSource'
 WARN [2016-05-12 13:18:04,057] (ComponentFactory.java:getComponentBean:1154) - Unable to get component for id 'NamedCredential': Unable to get bean for id 'NamedCredential'
 WARN [2016-05-12 13:18:04,115] (ComponentFactory.java:getComponentBean:1154) - Unable to get component for id 'MatchingRules': Unable to get bean for id 'MatchingRules'
 WARN [2016-05-12 13:18:04,119] (ComponentFactory.java:getComponentBean:1154) - Unable to get component for id 'ChannelLayout': Unable to get bean for id 'ChannelLayout'
 WARN [2016-05-12 13:18:04,122] (ComponentFactory.java:getComponentBean:1154) - Unable to get component for id 'SharingRules': Unable to get bean for id 'SharingRules'
 WARN [2016-05-12 13:18:04,128] (ComponentFactory.java:getComponentBean:1154) - Unable to get component for id 'CorsWhitelistOrigin': Unable to get bean for id 'CorsWhitelistOrigin'
 WARN [2016-05-12 13:18:04,130] (ComponentFactory.java:getComponentBean:1154) - Unable to get component for id 'ActionLinkGroupTemplate': Unable to get bean for id 'ActionLinkGroupTemplate'
 WARN [2016-05-12 13:18:04,133] (ComponentFactory.java:getComponentBean:1154) - Unable to get component for id 'SynonymDictionary': Unable to get bean for id 'SynonymDictionary'
 WARN [2016-05-12 13:36:00,548] (DefaultBuilder.java:applyDirtyMarkers:93) - TODO: apply 'Save locally only...' markers on each resource
 WARN [2016-05-12 13:39:26,115] (ProjectService.java:getForceProject:1650) - Unable to get authorization info - endpoint is null or empty
 WARN [2016-05-12 13:39:26,117] (BaseBuilder.java:checkSkipBuilder:86) - Skipping build - user credentials not found
 WARN [2016-05-12 13:40:16,257] (ProjectService.java:getForceProject:1650) - Unable to get authorization info - endpoint is null or empty
 WARN [2016-05-12 13:40:16,260] (BaseBuilder.java:checkSkipBuilder:86) - Skipping build - user credentials not found
 WARN [2016-05-12 13:40:30,421] (ProjectService.java:getForceProject:1650) - Unable to get authorization info - endpoint is null or empty
 WARN [2016-05-12 13:40:30,423] (BaseBuilder.java:checkSkipBuilder:86) - Skipping build - user credentials not found
 WARN [2016-05-12 13:41:42,718] (ComponentFactory.java:getComponentBean:1154) - Unable to get component for id 'AuraDefinitionBundle': Unable to get bean for id 'AuraDefinitionBundle'
 WARN [2016-05-12 13:41:42,723] (ComponentFactory.java:getComponentBean:1154) - Unable to get component for id 'ExternalDataSource': Unable to get bean for id 'ExternalDataSource'
 WARN [2016-05-12 13:41:42,726] (ComponentFactory.java:getComponentBean:1154) - Unable to get component for id 'NamedCredential': Unable to get bean for id 'NamedCredential'
 WARN [2016-05-12 13:41:42,738] (ComponentFactory.java:getComponentBean:1154) - Unable to get component for id 'MatchingRules': Unable to get bean for id 'MatchingRules'
 WARN [2016-05-12 13:41:42,741] (ComponentFactory.java:getComponentBean:1154) - Unable to get component for id 'ChannelLayout': Unable to get bean for id 'ChannelLayout'
 WARN [2016-05-12 13:41:42,743] (ComponentFactory.java:getComponentBean:1154) - Unable to get component for id 'SharingRules': Unable to get bean for id 'SharingRules'
 WARN [2016-05-12 13:41:42,748] (ComponentFactory.java:getComponentBean:1154) - Unable to get component for id 'CorsWhitelistOrigin': Unable to get bean for id 'CorsWhitelistOrigin'
 WARN [2016-05-12 13:41:42,750] (ComponentFactory.java:getComponentBean:1154) - Unable to get component for id 'ActionLinkGroupTemplate': Unable to get bean for id 'ActionLinkGroupTemplate'
 WARN [2016-05-12 13:41:42,752] (ComponentFactory.java:getComponentBean:1154) - Unable to get component for id 'SynonymDictionary': Unable to get bean for id 'SynonymDictionary'
 WARN [2016-05-12 13:41:43,459] (ComponentFactory.java:getComponentBean:1154) - Unable to get component for id 'AuraDefinitionBundle': Unable to get bean for id 'AuraDefinitionBundle'
 WARN [2016-05-12 13:41:43,465] (ComponentFactory.java:getComponentBean:1154) - Unable to get component for id 'ExternalDataSource': Unable to get bean for id 'ExternalDataSource'
 WARN [2016-05-12 13:41:43,467] (ComponentFactory.java:getComponentBean:1154) - Unable to get component for id 'NamedCredential': Unable to get bean for id 'NamedCredential'
 WARN [2016-05-12 13:41:43,478] (ComponentFactory.java:getComponentBean:1154) - Unable to get component for id 'MatchingRules': Unable to get bean for id 'MatchingRules'
 WARN [2016-05-12 13:41:43,482] (ComponentFactory.java:getComponentBean:1154) - Unable to get component for id 'ChannelLayout': Unable to get bean for id 'ChannelLayout'
 WARN [2016-05-12 13:41:43,485] (ComponentFactory.java:getComponentBean:1154) - Unable to get component for id 'SharingRules': Unable to get bean for id 'SharingRules'
 WARN [2016-05-12 13:41:43,488] (ComponentFactory.java:getComponentBean:1154) - Unable to get component for id 'CorsWhitelistOrigin': Unable to get bean for id 'CorsWhitelistOrigin'
 WARN [2016-05-12 13:41:43,491] (ComponentFactory.java:getComponentBean:1154) - Unable to get component for id 'ActionLinkGroupTemplate': Unable to get bean for id 'ActionLinkGroupTemplate'
 WARN [2016-05-12 13:41:43,493] (ComponentFactory.java:getComponentBean:1154) - Unable to get component for id 'SynonymDictionary': Unable to get bean for id 'SynonymDictionary'
 WARN [2016-05-12 16:00:45,749] (BaseRetryAspect.java:isLoginExceptionRetryable:117) - Login evaluation deemed exception not retry-able:
 LoginFault: Invalid username, password, security token; or user locked out.
 WARN [2016-05-12 16:00:45,826] (BaseRetryAspect.java:isConnectionExceptionRetryable:153) - Connection evaluation deemed exception not retry-able:
 LoginFault: Invalid username, password, security token; or user locked out.
 WARN [2016-05-12 16:00:45,828] (BaseMultiPageEditorPart.java:run:118) - Unable to get describe object for project 'Dev Org Vasudha':Invalid username, password, security token; or user locked out.
 WARN [2016-05-12 16:01:11,354] (BaseBuilder.java:checkSkipBuilder:86) - Skipping build - user credentials not found
 WARN [2016-05-12 16:01:34,524] (BaseBuilder.java:checkSkipBuilder:86) - Skipping build - user credentials not found
 WARN [2016-05-12 16:05:57,685] (BaseBuilder.java:checkSkipBuilder:86) - Skipping build - user credentials not found
 WARN [2016-05-12 16:06:19,691] (BaseBuilder.java:checkSkipBuilder:86) - Skipping build - user credentials not found
 WARN [2016-05-12 16:08:05,119] (BaseRetryAspect.java:isLoginExceptionRetryable:117) - Login evaluation deemed exception not retry-able:
 LoginFault: Invalid username, password, security token; or user locked out.
 WARN [2016-05-12 16:08:05,124] (BaseRetryAspect.java:isConnectionExceptionRetryable:153) - Connection evaluation deemed exception not retry-able:
 LoginFault: Invalid username, password, security token; or user locked out.
 WARN [2016-05-12 16:08:05,126] (BaseMultiPageEditorPart.java:run:118) - Unable to get describe object for project 'Dev Org Vasudha':Invalid username, password, security token; or user locked out.
 WARN [2016-05-12 16:08:10,957] (BaseBuilder.java:checkSkipBuilder:86) - Skipping build - user credentials not found
 WARN [2016-05-12 16:14:50,047] (BaseBuilder.java:checkSkipBuilder:86) - Skipping build - user credentials not found
 WARN [2016-05-12 16:15:06,710] (BaseBuilder.java:checkSkipBuilder:86) - Skipping build - user credentials not found
 WARN [2016-05-12 16:15:20,661] (BaseBuilder.java:checkSkipBuilder:86) - Skipping build - user credentials not found
 WARN [2016-05-12 16:18:14,054] (BaseBuilder.java:checkSkipBuilder:86) - Skipping build - user credentials not found
 WARN [2016-05-12 16:18:50,753] (BaseBuilder.java:checkSkipBuilder:86) - Skipping build - user credentials not found
 WARN [2016-05-12 16:20:31,615] (BaseBuilder.java:checkSkipBuilder:86) - Skipping build - user credentials not found
 WARN [2016-05-12 16:24:33,417] (BaseBuilder.java:checkSkipBuilder:86) - Skipping build - user credentials not found
 WARN [2016-05-12 16:24:45,306] (BaseBuilder.java:checkSkipBuilder:86) - Skipping build - user credentials not found
 WARN [2016-05-12 16:25:03,622] (BaseBuilder.java:checkSkipBuilder:86) - Skipping build - user credentials not found
 WARN [2016-05-12 16:26:23,031] (BaseRetryAspect.java:isLoginExceptionRetryable:117) - Login evaluation deemed exception not retry-able:
 LoginFault: Invalid username, password, security token; or user locked out.
 WARN [2016-05-12 16:26:23,035] (BaseRetryAspect.java:isConnectionExceptionRetryable:153) - Connection evaluation deemed exception not retry-able:
 LoginFault: Invalid username, password, security token; or user locked out.
 WARN [2016-05-12 16:26:23,038] (BaseMultiPageEditorPart.java:run:118) - Unable to get describe object for project 'Dev Org Vasudha':Invalid username, password, security token; or user locked out.
 WARN [2016-05-12 16:26:31,394] (BaseRetryAspect.java:isLoginExceptionRetryable:117) - Login evaluation deemed exception not retry-able:
 LoginFault: Invalid username, password, security token; or user locked out.
 WARN [2016-05-12 16:26:31,398] (BaseRetryAspect.java:isConnectionExceptionRetryable:153) - Connection evaluation deemed exception not retry-able:
 LoginFault: Invalid username, password, security token; or user locked out.
ERROR [2016-05-12 16:26:31,416] (AddOnlineNatureAction.java:execute:49) - Unable to apply Force.com Online Nature to project 'Dev Org Vasudha'.
com.salesforce.ide.core.remote.InvalidLoginException: Invalid username, password, security token; or user locked out.
	at com.salesforce.ide.core.internal.utils.ForceExceptionUtils.handleConnectionException(ForceExceptionUtils.java:77)
	at com.salesforce.ide.core.remote.Connection.login(Connection.java:302)
	at com.salesforce.ide.core.remote.Connection$$FastClassByCGLIB$$8e61a81d.invoke(<generated>)
	at net.sf.cglib.proxy.MethodProxy.invoke(MethodProxy.java:149)
	at org.springframework.aop.framework.Cglib2AopProxy$CglibMethodInvocation.invokeJoinpoint(Cglib2AopProxy.java:700)
	at org.springframework.aop.framework.ReflectiveMethodInvocation.proceed(ReflectiveMethodInvocation.java:149)
	at org.springframework.aop.aspectj.MethodInvocationProceedingJoinPoint.proceed(MethodInvocationProceedingJoinPoint.java:77)
	at com.salesforce.ide.core.internal.aspects.LoginRetryAspect.loginRetry(LoginRetryAspect.java:34)
	at sun.reflect.NativeMethodAccessorImpl.invoke0(Native Method)
	at sun.reflect.NativeMethodAccessorImpl.invoke(Unknown Source)
	at sun.reflect.DelegatingMethodAccessorImpl.invoke(Unknown Source)
	at java.lang.reflect.Method.invoke(Unknown Source)
	at org.springframework.aop.aspectj.AbstractAspectJAdvice.invokeAdviceMethodWithGivenArgs(AbstractAspectJAdvice.java:627)
	at org.springframework.aop.aspectj.AbstractAspectJAdvice.invokeAdviceMethod(AbstractAspectJAdvice.java:616)
	at org.springframework.aop.aspectj.AspectJAroundAdvice.invoke(AspectJAroundAdvice.java:64)
	at org.springframework.aop.framework.ReflectiveMethodInvocation.proceed(ReflectiveMethodInvocation.java:171)
	at org.springframework.aop.framework.adapter.MethodBeforeAdviceInterceptor.invoke(MethodBeforeAdviceInterceptor.java:50)
	at org.springframework.aop.framework.ReflectiveMethodInvocation.proceed(ReflectiveMethodInvocation.java:171)
	at org.springframework.aop.interceptor.ExposeInvocationInterceptor.invoke(ExposeInvocationInterceptor.java:90)
	at org.springframework.aop.framework.ReflectiveMethodInvocation.proceed(ReflectiveMethodInvocation.java:171)
	at org.springframework.aop.framework.Cglib2AopProxy$DynamicAdvisedInterceptor.intercept(Cglib2AopProxy.java:635)
	at com.salesforce.ide.core.remote.Connection$$EnhancerByCGLIB$$3b73d04c.login(<generated>)
	at com.salesforce.ide.core.factories.ConnectionFactory.getNewConnection(ConnectionFactory.java:82)
	at com.salesforce.ide.core.factories.ConnectionFactory.storeConnection(ConnectionFactory.java:167)
	at com.salesforce.ide.core.factories.ConnectionFactory.getConnection(ConnectionFactory.java:134)
	at com.salesforce.ide.core.factories.ConnectionFactory.getConnection(ConnectionFactory.java:157)
	at com.salesforce.ide.ui.actions.AddOnlineNatureAction.execute(AddOnlineNatureAction.java:47)
	at com.salesforce.ide.ui.actions.BaseAction.run(BaseAction.java:206)
	at org.eclipse.ui.internal.PluginAction.runWithEvent(PluginAction.java:251)
	at org.eclipse.jface.action.ActionContributionItem.handleWidgetSelection(ActionContributionItem.java:584)
	at org.eclipse.jface.action.ActionContributionItem.access$2(ActionContributionItem.java:501)
	at org.eclipse.jface.action.ActionContributionItem$5.handleEvent(ActionContributionItem.java:411)
	at org.eclipse.swt.widgets.EventTable.sendEvent(EventTable.java:84)
	at org.eclipse.swt.widgets.Widget.sendEvent(Widget.java:1057)
	at org.eclipse.swt.widgets.Display.runDeferredEvents(Display.java:4170)
	at org.eclipse.swt.widgets.Display.readAndDispatch(Display.java:3759)
	at org.eclipse.e4.ui.internal.workbench.swt.PartRenderingEngine$9.run(PartRenderingEngine.java:1113)
	at org.eclipse.core.databinding.observable.Realm.runWithDefault(Realm.java:332)
	at org.eclipse.e4.ui.internal.workbench.swt.PartRenderingEngine.run(PartRenderingEngine.java:997)
	at org.eclipse.e4.ui.internal.workbench.E4Workbench.createAndRunUI(E4Workbench.java:138)
	at org.eclipse.ui.internal.Workbench$5.run(Workbench.java:610)
	at org.eclipse.core.databinding.observable.Realm.runWithDefault(Realm.java:332)
	at org.eclipse.ui.internal.Workbench.createAndRunWorkbench(Workbench.java:567)
	at org.eclipse.ui.PlatformUI.createAndRunWorkbench(PlatformUI.java:150)
	at org.eclipse.ui.internal.ide.application.IDEApplication.start(IDEApplication.java:124)
	at org.eclipse.equinox.internal.app.EclipseAppHandle.run(EclipseAppHandle.java:196)
	at org.eclipse.core.runtime.internal.adaptor.EclipseAppLauncher.runApplication(EclipseAppLauncher.java:110)
	at org.eclipse.core.runtime.internal.adaptor.EclipseAppLauncher.start(EclipseAppLauncher.java:79)
	at org.eclipse.core.runtime.adaptor.EclipseStarter.run(EclipseStarter.java:354)
	at org.eclipse.core.runtime.adaptor.EclipseStarter.run(EclipseStarter.java:181)
	at sun.reflect.NativeMethodAccessorImpl.invoke0(Native Method)
	at sun.reflect.NativeMethodAccessorImpl.invoke(Unknown Source)
	at sun.reflect.DelegatingMethodAccessorImpl.invoke(Unknown Source)
	at java.lang.reflect.Method.invoke(Unknown Source)
	at org.eclipse.equinox.launcher.Main.invokeFramework(Main.java:636)
	at org.eclipse.equinox.launcher.Main.basicRun(Main.java:591)
	at org.eclipse.equinox.launcher.Main.run(Main.java:1450)
	at org.eclipse.equinox.launcher.Main.main(Main.java:1426)
Caused by: [LoginFault [ApiFault  exceptionCode='INVALID_LOGIN'
 exceptionMessage='Invalid username, password, security token; or user locked out.'
 upgradeURL='null'
 upgradeMessage='null'
]
]

	at sun.reflect.NativeConstructorAccessorImpl.newInstance0(Native Method)
	at sun.reflect.NativeConstructorAccessorImpl.newInstance(Unknown Source)
	at sun.reflect.DelegatingConstructorAccessorImpl.newInstance(Unknown Source)
	at java.lang.reflect.Constructor.newInstance(Unknown Source)
	at java.lang.Class.newInstance(Unknown Source)
	at com.sforce.ws.bind.TypeMapper.readSingle(TypeMapper.java:650)
	at com.sforce.ws.bind.TypeMapper.readObject(TypeMapper.java:527)
	at com.sforce.ws.transport.SoapConnection.parseDetail(SoapConnection.java:230)
	at com.sforce.ws.transport.SoapConnection.createException(SoapConnection.java:204)
	at com.sforce.ws.transport.SoapConnection.receive(SoapConnection.java:150)
	at com.sforce.ws.transport.SoapConnection.send(SoapConnection.java:99)
	at com.sforce.soap.partner.wsc.PartnerConnection.login(PartnerConnection.java:1758)
	at com.salesforce.ide.core.remote.Connection.login(Connection.java:255)
	... 56 more
 WARN [2016-05-12 16:31:06,326] (ProjectService.java:getForceProject:1650) - Unable to get authorization info - endpoint is null or empty
 WARN [2016-05-12 16:31:06,328] (BaseBuilder.java:checkSkipBuilder:86) - Skipping build - user credentials not found
 WARN [2016-05-12 16:31:34,947] (ProjectService.java:getForceProject:1650) - Unable to get authorization info - endpoint is null or empty
 WARN [2016-05-12 16:31:34,950] (BaseBuilder.java:checkSkipBuilder:86) - Skipping build - user credentials not found
 WARN [2016-05-12 16:32:26,097] (ProjectService.java:getForceProject:1650) - Unable to get authorization info - endpoint is null or empty
 WARN [2016-05-12 16:32:26,100] (BaseBuilder.java:checkSkipBuilder:86) - Skipping build - user credentials not found
 WARN [2016-05-12 16:33:32,113] (ComponentFactory.java:getComponentBean:1154) - Unable to get component for id 'AuraDefinitionBundle': Unable to get bean for id 'AuraDefinitionBundle'
 WARN [2016-05-12 16:33:32,117] (ComponentFactory.java:getComponentBean:1154) - Unable to get component for id 'ExternalDataSource': Unable to get bean for id 'ExternalDataSource'
 WARN [2016-05-12 16:33:32,120] (ComponentFactory.java:getComponentBean:1154) - Unable to get component for id 'NamedCredential': Unable to get bean for id 'NamedCredential'
 WARN [2016-05-12 16:33:32,132] (ComponentFactory.java:getComponentBean:1154) - Unable to get component for id 'MatchingRules': Unable to get bean for id 'MatchingRules'
 WARN [2016-05-12 16:33:32,135] (ComponentFactory.java:getComponentBean:1154) - Unable to get component for id 'ChannelLayout': Unable to get bean for id 'ChannelLayout'
 WARN [2016-05-12 16:33:32,137] (ComponentFactory.java:getComponentBean:1154) - Unable to get component for id 'SharingRules': Unable to get bean for id 'SharingRules'
 WARN [2016-05-12 16:33:32,141] (ComponentFactory.java:getComponentBean:1154) - Unable to get component for id 'CorsWhitelistOrigin': Unable to get bean for id 'CorsWhitelistOrigin'
 WARN [2016-05-12 16:33:32,152] (ComponentFactory.java:getComponentBean:1154) - Unable to get component for id 'ActionLinkGroupTemplate': Unable to get bean for id 'ActionLinkGroupTemplate'
 WARN [2016-05-12 16:33:32,156] (ComponentFactory.java:getComponentBean:1154) - Unable to get component for id 'SynonymDictionary': Unable to get bean for id 'SynonymDictionary'
 WARN [2016-05-12 16:33:33,482] (ComponentFactory.java:getComponentBean:1154) - Unable to get component for id 'AuraDefinitionBundle': Unable to get bean for id 'AuraDefinitionBundle'
 WARN [2016-05-12 16:33:33,488] (ComponentFactory.java:getComponentBean:1154) - Unable to get component for id 'ExternalDataSource': Unable to get bean for id 'ExternalDataSource'
 WARN [2016-05-12 16:33:33,491] (ComponentFactory.java:getComponentBean:1154) - Unable to get component for id 'NamedCredential': Unable to get bean for id 'NamedCredential'
 WARN [2016-05-12 16:33:33,500] (ComponentFactory.java:getComponentBean:1154) - Unable to get component for id 'MatchingRules': Unable to get bean for id 'MatchingRules'
 WARN [2016-05-12 16:33:33,503] (ComponentFactory.java:getComponentBean:1154) - Unable to get component for id 'ChannelLayout': Unable to get bean for id 'ChannelLayout'
 WARN [2016-05-12 16:33:33,505] (ComponentFactory.java:getComponentBean:1154) - Unable to get component for id 'SharingRules': Unable to get bean for id 'SharingRules'
 WARN [2016-05-12 16:33:33,509] (ComponentFactory.java:getComponentBean:1154) - Unable to get component for id 'CorsWhitelistOrigin': Unable to get bean for id 'CorsWhitelistOrigin'
 WARN [2016-05-12 16:33:33,511] (ComponentFactory.java:getComponentBean:1154) - Unable to get component for id 'ActionLinkGroupTemplate': Unable to get bean for id 'ActionLinkGroupTemplate'
 WARN [2016-05-12 16:33:33,513] (ComponentFactory.java:getComponentBean:1154) - Unable to get component for id 'SynonymDictionary': Unable to get bean for id 'SynonymDictionary'
